<?xml version="1.0" encoding="UTF-8"?>
<!-- Generated by org.testng.reporters.JUnitReportReporter -->
<testsuite hostname="AGI-LT-1601" failures="0" tests="1" name="com.Smitha.Maven.Demo001" time="14.806" errors="0" timestamp="2021-09-23T17:53:47 IST" skipped="0">
  <testcase classname="com.Smitha.Maven.Demo001" name="TS001" time="14.806"/>
  <system-out/>
</testsuite> <!-- com.Smitha.Maven.Demo001 -->
